<?xml version="1.0" encoding="UTF-8"?>
<!-- Generated by org.testng.reporters.JUnitReportReporter -->
<testsuite hostname="Dharshan_jm" failures="0" tests="1" name="dummy.DemoRestAssuredProgram" time="1.182" errors="0" timestamp="2024-09-25T13:01:05 IST" skipped="0">
  <testcase classname="dummy.DemoRestAssuredProgram" name="demoGetRegTest" time="1.182"/>
</testsuite> <!-- dummy.DemoRestAssuredProgram -->
