<?xml version="1.0" encoding="UTF-8"?>
<!-- Generated by org.testng.reporters.JUnitReportReporter -->
<testsuite hostname="Dharshan_jm" failures="0" tests="1" name="ResponseValidation.Learn_VerifyResponseHeaderTest" time="1.253" errors="0" timestamp="2024-09-26T17:59:00 IST" skipped="0">
  <testcase classname="ResponseValidation.Learn_VerifyResponseHeaderTest" name="verifyheader" time="1.253"/>
</testsuite> <!-- ResponseValidation.Learn_VerifyResponseHeaderTest -->
