<?xml version="1.0" encoding="UTF-8"?>
<!-- Generated by org.testng.reporters.JUnitReportReporter -->
<testsuite hostname="Dharshan_jm" failures="0" tests="1" name="dummy.DemoProgram" time="1.178" errors="0" timestamp="2024-09-19T17:57:43 IST" skipped="0">
  <testcase classname="dummy.DemoProgram" name="demoGetRegTest" time="1.178"/>
</testsuite> <!-- dummy.DemoProgram -->
