<?xml version="1.0" encoding="UTF-8"?>
<!-- Generated by org.testng.reporters.JUnitReportReporter -->
<testsuite hostname="Dharshan_jm" failures="0" tests="1" name="dummy.MethodChaining" time="1.480" errors="0" timestamp="2024-09-20T10:41:49 IST" skipped="0">
  <testcase classname="dummy.MethodChaining" name="getRequest" time="1.480"/>
</testsuite> <!-- dummy.MethodChaining -->
