<?xml version="1.0" encoding="UTF-8"?>
<!-- Generated by org.testng.reporters.JUnitReportReporter -->
<testsuite hostname="Dharshan_jm" failures="0" tests="1" name="com.restassured.crud.without.BDD.Learn_toPutDataTest" time="1.290" errors="0" timestamp="2024-09-26T11:46:08 IST" skipped="0">
  <testcase classname="com.restassured.crud.without.BDD.Learn_toPutDataTest" name="toPutData" time="1.290"/>
</testsuite> <!-- com.restassured.crud.without.BDD.Learn_toPutDataTest -->
