<?xml version="1.0" encoding="UTF-8"?>
<!-- Generated by org.testng.reporters.JUnitReportReporter -->
<testsuite hostname="Dharshan_jm" failures="0" tests="1" name="com.restassured.crud.without.BDD.Learn_toPostDataTest" time="1.262" errors="0" timestamp="2024-09-26T11:35:55 IST" skipped="0">
  <testcase classname="com.restassured.crud.without.BDD.Learn_toPostDataTest" name="toPostData" time="1.262"/>
</testsuite> <!-- com.restassured.crud.without.BDD.Learn_toPostDataTest -->
