<?xml version="1.0" encoding="UTF-8"?>
<!-- Generated by org.testng.reporters.JUnitReportReporter -->
<testsuite hostname="Dharshan_jm" failures="0" tests="1" name="com.restassured.crud.without.BDD.Learn_toDeleteDataTest" time="1.195" errors="0" timestamp="2024-09-26T12:01:16 IST" skipped="0">
  <testcase classname="com.restassured.crud.without.BDD.Learn_toDeleteDataTest" name="toDeleteData" time="1.195"/>
</testsuite> <!-- com.restassured.crud.without.BDD.Learn_toDeleteDataTest -->
