<?xml version="1.0" encoding="UTF-8"?>
<!-- Generated by org.testng.reporters.JUnitReportReporter -->
<testsuite hostname="Dharshan_jm" failures="0" tests="1" name="com.restassured.crud.without.BDD.Learn_toGetDataTest" time="1.581" errors="0" timestamp="2024-09-26T11:08:45 IST" skipped="0">
  <testcase classname="com.restassured.crud.without.BDD.Learn_toGetDataTest" name="toGetData" time="1.581"/>
</testsuite> <!-- com.restassured.crud.without.BDD.Learn_toGetDataTest -->
