<?xml version="1.0" encoding="UTF-8"?>
<!-- Generated by org.testng.reporters.JUnitReportReporter -->
<testsuite hostname="Dharshan_jm" failures="0" tests="1" name="com.restassured.crud.without.BDD.Learn_TestForReadTest" time="1.439" errors="0" timestamp="2024-09-20T15:49:46 IST" skipped="0">
  <testcase classname="com.restassured.crud.without.BDD.Learn_TestForReadTest" name="get_dataFromserver" time="1.439"/>
</testsuite> <!-- com.restassured.crud.without.BDD.Learn_TestForReadTest -->
