<?xml version="1.0" encoding="UTF-8"?>
<!-- Generated by org.testng.reporters.JUnitReportReporter -->
<testsuite hostname="Dharshan_jm" failures="0" tests="1" name="com.restassured.crud.with.BDD.Learn_GetForReadTest" time="6.629" errors="0" timestamp="2024-09-26T12:02:38 IST" skipped="0">
  <testcase classname="com.restassured.crud.with.BDD.Learn_GetForReadTest" name="get_dataFromserver" time="6.629"/>
</testsuite> <!-- com.restassured.crud.with.BDD.Learn_GetForReadTest -->
