<?xml version="1.0" encoding="UTF-8"?>
<!-- Generated by org.testng.reporters.JUnitReportReporter -->
<testsuite hostname="Dharshan_jm" failures="0" tests="1" name="com.restassured.crud.without.BDD.Learn_GetForReadTest" time="1.544" errors="0" timestamp="2024-09-26T10:57:43 IST" skipped="0">
  <testcase classname="com.restassured.crud.without.BDD.Learn_GetForReadTest" name="get_dataFromserver" time="1.544"/>
</testsuite> <!-- com.restassured.crud.without.BDD.Learn_GetForReadTest -->
