<?xml version="1.0" encoding="UTF-8"?>
<!-- Generated by org.testng.reporters.JUnitReportReporter -->
<testsuite hostname="Dharshan_jm" failures="0" tests="1" name="ResponseValidation.Learn_VerifyResponseTimeTest" time="1.220" errors="0" timestamp="2024-09-26T18:42:53 IST" skipped="0">
  <testcase classname="ResponseValidation.Learn_VerifyResponseTimeTest" name="responseTime" time="1.220"/>
</testsuite> <!-- ResponseValidation.Learn_VerifyResponseTimeTest -->
